<?xml version='1.0'?>
<ns2:test-suite xmlns:ns2='urn:model.allure.qatools.yandex.ru' start='1639767661701' stop='1639767696149'>
    <name>T-pulse tests</name>
    <title>T-pulse tests</title>
    <test-cases>
        <test-case start='1639767661702' status='failed' stop='1639767695101'>
            <name>login test</name>
            <title>login test</title>
            <labels/>
            <parameters/>
            <steps/>
            <attachments/>
            <failure>
                <message>Error: Timeout - Async callback was not invoked within timeout specified by jasmine.DEFAULT_TIMEOUT_INTERVAL.</message>
                <stack-trace>Error: Timeout - Async callback was not invoked within timeout specified by jasmine.DEFAULT_TIMEOUT_INTERVAL.
                    at Timeout._onTimeout (C:\Users\Lenovo\AppData\Roaming\npm\node_modules\protractor\node_modules\jasmine-core\lib\jasmine-core\jasmine.js:4281:23)
                    at listOnTimeout (node:internal/timers:557:17)
                    at processTimers (node:internal/timers:500:7)</stack-trace>
            </failure>
        </test-case>
        <test-case start='1639767695101' status='failed' stop='1639767695368'>
            <name>dashboard test</name>
            <title>dashboard test</title>
            <labels/>
            <parameters/>
            <steps/>
            <attachments/>
            <failure>
                <message>Failed: no such element: Unable to locate element: {"method":"css selector","selector":".fa-tachometer-alt"}
                  (Session info: chrome=96.0.4664.110)
                  (Driver info: chromedriver=95.0.4638.54 (d31a821ec901f68d0d34ccdbaea45b4c86ce543e-refs/branch-heads/4638@{#871}),platform=Windows NT 10.0.22000 x86_64)</message>
                <stack-trace>NoSuchElementError: no such element: Unable to locate element: {"method":"css selector","selector":".fa-tachometer-alt"}
                  (Session info: chrome=96.0.4664.110)
                  (Driver info: chromedriver=95.0.4638.54 (d31a821ec901f68d0d34ccdbaea45b4c86ce543e-refs/branch-heads/4638@{#871}),platform=Windows NT 10.0.22000 x86_64)
                    at Object.checkLegacyResponse (C:\Users\Lenovo\AppData\Roaming\npm\node_modules\protractor\node_modules\selenium-webdriver\lib\error.js:546:15)
                    at parseHttpResponse (C:\Users\Lenovo\AppData\Roaming\npm\node_modules\protractor\node_modules\selenium-webdriver\lib\http.js:509:13)
                    at C:\Users\Lenovo\AppData\Roaming\npm\node_modules\protractor\node_modules\selenium-webdriver\lib\http.js:441:30
                    at processTicksAndRejections (node:internal/process/task_queues:96:5)
                From: Task: WebDriver.findElement(By(css selector, .fa-tachometer-alt))
                    at Driver.schedule (C:\Users\Lenovo\AppData\Roaming\npm\node_modules\protractor\node_modules\selenium-webdriver\lib\webdriver.js:807:17)
                    at Driver.findElement (C:\Users\Lenovo\AppData\Roaming\npm\node_modules\protractor\node_modules\selenium-webdriver\lib\webdriver.js:1014:17)
                    at UserContext.&lt;anonymous> (C:\Users\Lenovo\Desktop\projects\ProtractorDemo\tests\Tpulse.js:17:24)
                    at C:\Users\Lenovo\AppData\Roaming\npm\node_modules\protractor\node_modules\jasminewd2\index.js:112:25
                    at new ManagedPromise (C:\Users\Lenovo\AppData\Roaming\npm\node_modules\protractor\node_modules\selenium-webdriver\lib\promise.js:1077:7)
                    at ControlFlow.promise (C:\Users\Lenovo\AppData\Roaming\npm\node_modules\protractor\node_modules\selenium-webdriver\lib\promise.js:2505:12)
                    at schedulerExecute (C:\Users\Lenovo\AppData\Roaming\npm\node_modules\protractor\node_modules\jasminewd2\index.js:95:18)
                    at TaskQueue.execute_ (C:\Users\Lenovo\AppData\Roaming\npm\node_modules\protractor\node_modules\selenium-webdriver\lib\promise.js:3084:14)
                    at TaskQueue.executeNext_ (C:\Users\Lenovo\AppData\Roaming\npm\node_modules\protractor\node_modules\selenium-webdriver\lib\promise.js:3067:27)
                    at C:\Users\Lenovo\AppData\Roaming\npm\node_modules\protractor\node_modules\selenium-webdriver\lib\promise.js:2927:27
                From: Task: WebElement.click()
                    at Driver.schedule (C:\Users\Lenovo\AppData\Roaming\npm\node_modules\protractor\node_modules\selenium-webdriver\lib\webdriver.js:807:17)
                    at WebElementPromise.schedule_ (C:\Users\Lenovo\AppData\Roaming\npm\node_modules\protractor\node_modules\selenium-webdriver\lib\webdriver.js:2010:25)
                    at WebElementPromise.click (C:\Users\Lenovo\AppData\Roaming\npm\node_modules\protractor\node_modules\selenium-webdriver\lib\webdriver.js:2092:17)
                    at UserContext.&lt;anonymous> (C:\Users\Lenovo\Desktop\projects\ProtractorDemo\tests\Tpulse.js:17:66)
                    at C:\Users\Lenovo\AppData\Roaming\npm\node_modules\protractor\node_modules\jasminewd2\index.js:112:25
                    at new ManagedPromise (C:\Users\Lenovo\AppData\Roaming\npm\node_modules\protractor\node_modules\selenium-webdriver\lib\promise.js:1077:7)
                    at ControlFlow.promise (C:\Users\Lenovo\AppData\Roaming\npm\node_modules\protractor\node_modules\selenium-webdriver\lib\promise.js:2505:12)
                    at schedulerExecute (C:\Users\Lenovo\AppData\Roaming\npm\node_modules\protractor\node_modules\jasminewd2\index.js:95:18)
                    at TaskQueue.execute_ (C:\Users\Lenovo\AppData\Roaming\npm\node_modules\protractor\node_modules\selenium-webdriver\lib\promise.js:3084:14)
                    at TaskQueue.executeNext_ (C:\Users\Lenovo\AppData\Roaming\npm\node_modules\protractor\node_modules\selenium-webdriver\lib\promise.js:3067:27)
                From: Task: Run it("dashboard test") in control flow
                    at UserContext.&lt;anonymous> (C:\Users\Lenovo\AppData\Roaming\npm\node_modules\protractor\node_modules\jasminewd2\index.js:94:19)
                    at attempt (C:\Users\Lenovo\AppData\Roaming\npm\node_modules\protractor\node_modules\jasmine-core\lib\jasmine-core\jasmine.js:4297:26)
                    at QueueRunner.run (C:\Users\Lenovo\AppData\Roaming\npm\node_modules\protractor\node_modules\jasmine-core\lib\jasmine-core\jasmine.js:4217:20)
                    at QueueRunner.execute (C:\Users\Lenovo\AppData\Roaming\npm\node_modules\protractor\node_modules\jasmine-core\lib\jasmine-core\jasmine.js:4199:10)
                    at Spec.queueRunnerFactory (C:\Users\Lenovo\AppData\Roaming\npm\node_modules\protractor\node_modules\jasmine-core\lib\jasmine-core\jasmine.js:909:35)
                    at Spec.execute (C:\Users\Lenovo\AppData\Roaming\npm\node_modules\protractor\node_modules\jasmine-core\lib\jasmine-core\jasmine.js:526:10)
                    at UserContext.fn (C:\Users\Lenovo\AppData\Roaming\npm\node_modules\protractor\node_modules\jasmine-core\lib\jasmine-core\jasmine.js:5340:37)
                    at attempt (C:\Users\Lenovo\AppData\Roaming\npm\node_modules\protractor\node_modules\jasmine-core\lib\jasmine-core\jasmine.js:4297:26)
                    at QueueRunner.run (C:\Users\Lenovo\AppData\Roaming\npm\node_modules\protractor\node_modules\jasmine-core\lib\jasmine-core\jasmine.js:4217:20)
                    at runNext (C:\Users\Lenovo\AppData\Roaming\npm\node_modules\protractor\node_modules\jasmine-core\lib\jasmine-core\jasmine.js:4257:20)
                From asynchronous test: 
                Error
                    at Suite.&lt;anonymous> (C:\Users\Lenovo\Desktop\projects\ProtractorDemo\tests\Tpulse.js:16:5)
                    at addSpecsToSuite (C:\Users\Lenovo\AppData\Roaming\npm\node_modules\protractor\node_modules\jasmine-core\lib\jasmine-core\jasmine.js:1107:25)
                    at Env.describe (C:\Users\Lenovo\AppData\Roaming\npm\node_modules\protractor\node_modules\jasmine-core\lib\jasmine-core\jasmine.js:1074:7)
                    at describe (C:\Users\Lenovo\AppData\Roaming\npm\node_modules\protractor\node_modules\jasmine-core\lib\jasmine-core\jasmine.js:4399:18)
                    at Object.&lt;anonymous> (C:\Users\Lenovo\Desktop\projects\ProtractorDemo\tests\Tpulse.js:1:1)
                    at Module._compile (node:internal/modules/cjs/loader:1101:14)
                    at Object.Module._extensions..js (node:internal/modules/cjs/loader:1153:10)
                    at Module.load (node:internal/modules/cjs/loader:981:32)
                    at Function.Module._load (node:internal/modules/cjs/loader:822:12)</stack-trace>
            </failure>
        </test-case>
        <test-case start='1639767695368' status='failed' stop='1639767695627'>
            <name>observations test</name>
            <title>observations test</title>
            <labels/>
            <parameters/>
            <steps/>
            <attachments/>
            <failure>
                <message>Failed: no such element: Unable to locate element: {"method":"xpath","selector":"//em[@class='fa fa-binoculars']"}
                  (Session info: chrome=96.0.4664.110)
                  (Driver info: chromedriver=95.0.4638.54 (d31a821ec901f68d0d34ccdbaea45b4c86ce543e-refs/branch-heads/4638@{#871}),platform=Windows NT 10.0.22000 x86_64)</message>
                <stack-trace>NoSuchElementError: no such element: Unable to locate element: {"method":"xpath","selector":"//em[@class='fa fa-binoculars']"}
                  (Session info: chrome=96.0.4664.110)
                  (Driver info: chromedriver=95.0.4638.54 (d31a821ec901f68d0d34ccdbaea45b4c86ce543e-refs/branch-heads/4638@{#871}),platform=Windows NT 10.0.22000 x86_64)
                    at Object.checkLegacyResponse (C:\Users\Lenovo\AppData\Roaming\npm\node_modules\protractor\node_modules\selenium-webdriver\lib\error.js:546:15)
                    at parseHttpResponse (C:\Users\Lenovo\AppData\Roaming\npm\node_modules\protractor\node_modules\selenium-webdriver\lib\http.js:509:13)
                    at C:\Users\Lenovo\AppData\Roaming\npm\node_modules\protractor\node_modules\selenium-webdriver\lib\http.js:441:30
                    at processTicksAndRejections (node:internal/process/task_queues:96:5)
                From: Task: WebDriver.findElement(By(xpath, //em[@class='fa fa-binoculars']))
                    at Driver.schedule (C:\Users\Lenovo\AppData\Roaming\npm\node_modules\protractor\node_modules\selenium-webdriver\lib\webdriver.js:807:17)
                    at Driver.findElement (C:\Users\Lenovo\AppData\Roaming\npm\node_modules\protractor\node_modules\selenium-webdriver\lib\webdriver.js:1014:17)
                    at UserContext.&lt;anonymous> (C:\Users\Lenovo\Desktop\projects\ProtractorDemo\tests\Tpulse.js:23:24)
                    at C:\Users\Lenovo\AppData\Roaming\npm\node_modules\protractor\node_modules\jasminewd2\index.js:112:25
                    at new ManagedPromise (C:\Users\Lenovo\AppData\Roaming\npm\node_modules\protractor\node_modules\selenium-webdriver\lib\promise.js:1077:7)
                    at ControlFlow.promise (C:\Users\Lenovo\AppData\Roaming\npm\node_modules\protractor\node_modules\selenium-webdriver\lib\promise.js:2505:12)
                    at schedulerExecute (C:\Users\Lenovo\AppData\Roaming\npm\node_modules\protractor\node_modules\jasminewd2\index.js:95:18)
                    at TaskQueue.execute_ (C:\Users\Lenovo\AppData\Roaming\npm\node_modules\protractor\node_modules\selenium-webdriver\lib\promise.js:3084:14)
                    at TaskQueue.executeNext_ (C:\Users\Lenovo\AppData\Roaming\npm\node_modules\protractor\node_modules\selenium-webdriver\lib\promise.js:3067:27)
                    at C:\Users\Lenovo\AppData\Roaming\npm\node_modules\protractor\node_modules\selenium-webdriver\lib\promise.js:2927:27
                From: Task: WebElement.click()
                    at Driver.schedule (C:\Users\Lenovo\AppData\Roaming\npm\node_modules\protractor\node_modules\selenium-webdriver\lib\webdriver.js:807:17)
                    at WebElementPromise.schedule_ (C:\Users\Lenovo\AppData\Roaming\npm\node_modules\protractor\node_modules\selenium-webdriver\lib\webdriver.js:2010:25)
                    at WebElementPromise.click (C:\Users\Lenovo\AppData\Roaming\npm\node_modules\protractor\node_modules\selenium-webdriver\lib\webdriver.js:2092:17)
                    at UserContext.&lt;anonymous> (C:\Users\Lenovo\Desktop\projects\ProtractorDemo\tests\Tpulse.js:23:81)
                    at C:\Users\Lenovo\AppData\Roaming\npm\node_modules\protractor\node_modules\jasminewd2\index.js:112:25
                    at new ManagedPromise (C:\Users\Lenovo\AppData\Roaming\npm\node_modules\protractor\node_modules\selenium-webdriver\lib\promise.js:1077:7)
                    at ControlFlow.promise (C:\Users\Lenovo\AppData\Roaming\npm\node_modules\protractor\node_modules\selenium-webdriver\lib\promise.js:2505:12)
                    at schedulerExecute (C:\Users\Lenovo\AppData\Roaming\npm\node_modules\protractor\node_modules\jasminewd2\index.js:95:18)
                    at TaskQueue.execute_ (C:\Users\Lenovo\AppData\Roaming\npm\node_modules\protractor\node_modules\selenium-webdriver\lib\promise.js:3084:14)
                    at TaskQueue.executeNext_ (C:\Users\Lenovo\AppData\Roaming\npm\node_modules\protractor\node_modules\selenium-webdriver\lib\promise.js:3067:27)
                From: Task: Run it("observations test") in control flow
                    at UserContext.&lt;anonymous> (C:\Users\Lenovo\AppData\Roaming\npm\node_modules\protractor\node_modules\jasminewd2\index.js:94:19)
                    at attempt (C:\Users\Lenovo\AppData\Roaming\npm\node_modules\protractor\node_modules\jasmine-core\lib\jasmine-core\jasmine.js:4297:26)
                    at QueueRunner.run (C:\Users\Lenovo\AppData\Roaming\npm\node_modules\protractor\node_modules\jasmine-core\lib\jasmine-core\jasmine.js:4217:20)
                    at QueueRunner.execute (C:\Users\Lenovo\AppData\Roaming\npm\node_modules\protractor\node_modules\jasmine-core\lib\jasmine-core\jasmine.js:4199:10)
                    at Spec.queueRunnerFactory (C:\Users\Lenovo\AppData\Roaming\npm\node_modules\protractor\node_modules\jasmine-core\lib\jasmine-core\jasmine.js:909:35)
                    at Spec.execute (C:\Users\Lenovo\AppData\Roaming\npm\node_modules\protractor\node_modules\jasmine-core\lib\jasmine-core\jasmine.js:526:10)
                    at UserContext.fn (C:\Users\Lenovo\AppData\Roaming\npm\node_modules\protractor\node_modules\jasmine-core\lib\jasmine-core\jasmine.js:5340:37)
                    at attempt (C:\Users\Lenovo\AppData\Roaming\npm\node_modules\protractor\node_modules\jasmine-core\lib\jasmine-core\jasmine.js:4297:26)
                    at QueueRunner.run (C:\Users\Lenovo\AppData\Roaming\npm\node_modules\protractor\node_modules\jasmine-core\lib\jasmine-core\jasmine.js:4217:20)
                    at runNext (C:\Users\Lenovo\AppData\Roaming\npm\node_modules\protractor\node_modules\jasmine-core\lib\jasmine-core\jasmine.js:4257:20)
                From asynchronous test: 
                Error
                    at Suite.&lt;anonymous> (C:\Users\Lenovo\Desktop\projects\ProtractorDemo\tests\Tpulse.js:22:5)
                    at addSpecsToSuite (C:\Users\Lenovo\AppData\Roaming\npm\node_modules\protractor\node_modules\jasmine-core\lib\jasmine-core\jasmine.js:1107:25)
                    at Env.describe (C:\Users\Lenovo\AppData\Roaming\npm\node_modules\protractor\node_modules\jasmine-core\lib\jasmine-core\jasmine.js:1074:7)
                    at describe (C:\Users\Lenovo\AppData\Roaming\npm\node_modules\protractor\node_modules\jasmine-core\lib\jasmine-core\jasmine.js:4399:18)
                    at Object.&lt;anonymous> (C:\Users\Lenovo\Desktop\projects\ProtractorDemo\tests\Tpulse.js:1:1)
                    at Module._compile (node:internal/modules/cjs/loader:1101:14)
                    at Object.Module._extensions..js (node:internal/modules/cjs/loader:1153:10)
                    at Module.load (node:internal/modules/cjs/loader:981:32)
                    at Function.Module._load (node:internal/modules/cjs/loader:822:12)</stack-trace>
            </failure>
        </test-case>
        <test-case start='1639767695627' status='failed' stop='1639767695884'>
            <name>reports test</name>
            <title>reports test</title>
            <labels/>
            <parameters/>
            <steps/>
            <attachments/>
            <failure>
                <message>Failed: no such element: Unable to locate element: {"method":"xpath","selector":"//em[@class='fa fa-copy']"}
                  (Session info: chrome=96.0.4664.110)
                  (Driver info: chromedriver=95.0.4638.54 (d31a821ec901f68d0d34ccdbaea45b4c86ce543e-refs/branch-heads/4638@{#871}),platform=Windows NT 10.0.22000 x86_64)</message>
                <stack-trace>NoSuchElementError: no such element: Unable to locate element: {"method":"xpath","selector":"//em[@class='fa fa-copy']"}
                  (Session info: chrome=96.0.4664.110)
                  (Driver info: chromedriver=95.0.4638.54 (d31a821ec901f68d0d34ccdbaea45b4c86ce543e-refs/branch-heads/4638@{#871}),platform=Windows NT 10.0.22000 x86_64)
                    at Object.checkLegacyResponse (C:\Users\Lenovo\AppData\Roaming\npm\node_modules\protractor\node_modules\selenium-webdriver\lib\error.js:546:15)
                    at parseHttpResponse (C:\Users\Lenovo\AppData\Roaming\npm\node_modules\protractor\node_modules\selenium-webdriver\lib\http.js:509:13)
                    at C:\Users\Lenovo\AppData\Roaming\npm\node_modules\protractor\node_modules\selenium-webdriver\lib\http.js:441:30
                    at processTicksAndRejections (node:internal/process/task_queues:96:5)
                From: Task: WebDriver.findElement(By(xpath, //em[@class='fa fa-copy']))
                    at Driver.schedule (C:\Users\Lenovo\AppData\Roaming\npm\node_modules\protractor\node_modules\selenium-webdriver\lib\webdriver.js:807:17)
                    at Driver.findElement (C:\Users\Lenovo\AppData\Roaming\npm\node_modules\protractor\node_modules\selenium-webdriver\lib\webdriver.js:1014:17)
                    at UserContext.&lt;anonymous> (C:\Users\Lenovo\Desktop\projects\ProtractorDemo\tests\Tpulse.js:29:24)
                    at C:\Users\Lenovo\AppData\Roaming\npm\node_modules\protractor\node_modules\jasminewd2\index.js:112:25
                    at new ManagedPromise (C:\Users\Lenovo\AppData\Roaming\npm\node_modules\protractor\node_modules\selenium-webdriver\lib\promise.js:1077:7)
                    at ControlFlow.promise (C:\Users\Lenovo\AppData\Roaming\npm\node_modules\protractor\node_modules\selenium-webdriver\lib\promise.js:2505:12)
                    at schedulerExecute (C:\Users\Lenovo\AppData\Roaming\npm\node_modules\protractor\node_modules\jasminewd2\index.js:95:18)
                    at TaskQueue.execute_ (C:\Users\Lenovo\AppData\Roaming\npm\node_modules\protractor\node_modules\selenium-webdriver\lib\promise.js:3084:14)
                    at TaskQueue.executeNext_ (C:\Users\Lenovo\AppData\Roaming\npm\node_modules\protractor\node_modules\selenium-webdriver\lib\promise.js:3067:27)
                    at C:\Users\Lenovo\AppData\Roaming\npm\node_modules\protractor\node_modules\selenium-webdriver\lib\promise.js:2927:27
                From: Task: WebElement.click()
                    at Driver.schedule (C:\Users\Lenovo\AppData\Roaming\npm\node_modules\protractor\node_modules\selenium-webdriver\lib\webdriver.js:807:17)
                    at WebElementPromise.schedule_ (C:\Users\Lenovo\AppData\Roaming\npm\node_modules\protractor\node_modules\selenium-webdriver\lib\webdriver.js:2010:25)
                    at WebElementPromise.click (C:\Users\Lenovo\AppData\Roaming\npm\node_modules\protractor\node_modules\selenium-webdriver\lib\webdriver.js:2092:17)
                    at UserContext.&lt;anonymous> (C:\Users\Lenovo\Desktop\projects\ProtractorDemo\tests\Tpulse.js:29:75)
                    at C:\Users\Lenovo\AppData\Roaming\npm\node_modules\protractor\node_modules\jasminewd2\index.js:112:25
                    at new ManagedPromise (C:\Users\Lenovo\AppData\Roaming\npm\node_modules\protractor\node_modules\selenium-webdriver\lib\promise.js:1077:7)
                    at ControlFlow.promise (C:\Users\Lenovo\AppData\Roaming\npm\node_modules\protractor\node_modules\selenium-webdriver\lib\promise.js:2505:12)
                    at schedulerExecute (C:\Users\Lenovo\AppData\Roaming\npm\node_modules\protractor\node_modules\jasminewd2\index.js:95:18)
                    at TaskQueue.execute_ (C:\Users\Lenovo\AppData\Roaming\npm\node_modules\protractor\node_modules\selenium-webdriver\lib\promise.js:3084:14)
                    at TaskQueue.executeNext_ (C:\Users\Lenovo\AppData\Roaming\npm\node_modules\protractor\node_modules\selenium-webdriver\lib\promise.js:3067:27)
                From: Task: Run it("reports test") in control flow
                    at UserContext.&lt;anonymous> (C:\Users\Lenovo\AppData\Roaming\npm\node_modules\protractor\node_modules\jasminewd2\index.js:94:19)
                    at attempt (C:\Users\Lenovo\AppData\Roaming\npm\node_modules\protractor\node_modules\jasmine-core\lib\jasmine-core\jasmine.js:4297:26)
                    at QueueRunner.run (C:\Users\Lenovo\AppData\Roaming\npm\node_modules\protractor\node_modules\jasmine-core\lib\jasmine-core\jasmine.js:4217:20)
                    at QueueRunner.execute (C:\Users\Lenovo\AppData\Roaming\npm\node_modules\protractor\node_modules\jasmine-core\lib\jasmine-core\jasmine.js:4199:10)
                    at Spec.queueRunnerFactory (C:\Users\Lenovo\AppData\Roaming\npm\node_modules\protractor\node_modules\jasmine-core\lib\jasmine-core\jasmine.js:909:35)
                    at Spec.execute (C:\Users\Lenovo\AppData\Roaming\npm\node_modules\protractor\node_modules\jasmine-core\lib\jasmine-core\jasmine.js:526:10)
                    at UserContext.fn (C:\Users\Lenovo\AppData\Roaming\npm\node_modules\protractor\node_modules\jasmine-core\lib\jasmine-core\jasmine.js:5340:37)
                    at attempt (C:\Users\Lenovo\AppData\Roaming\npm\node_modules\protractor\node_modules\jasmine-core\lib\jasmine-core\jasmine.js:4297:26)
                    at QueueRunner.run (C:\Users\Lenovo\AppData\Roaming\npm\node_modules\protractor\node_modules\jasmine-core\lib\jasmine-core\jasmine.js:4217:20)
                    at runNext (C:\Users\Lenovo\AppData\Roaming\npm\node_modules\protractor\node_modules\jasmine-core\lib\jasmine-core\jasmine.js:4257:20)
                From asynchronous test: 
                Error
                    at Suite.&lt;anonymous> (C:\Users\Lenovo\Desktop\projects\ProtractorDemo\tests\Tpulse.js:28:5)
                    at addSpecsToSuite (C:\Users\Lenovo\AppData\Roaming\npm\node_modules\protractor\node_modules\jasmine-core\lib\jasmine-core\jasmine.js:1107:25)
                    at Env.describe (C:\Users\Lenovo\AppData\Roaming\npm\node_modules\protractor\node_modules\jasmine-core\lib\jasmine-core\jasmine.js:1074:7)
                    at describe (C:\Users\Lenovo\AppData\Roaming\npm\node_modules\protractor\node_modules\jasmine-core\lib\jasmine-core\jasmine.js:4399:18)
                    at Object.&lt;anonymous> (C:\Users\Lenovo\Desktop\projects\ProtractorDemo\tests\Tpulse.js:1:1)
                    at Module._compile (node:internal/modules/cjs/loader:1101:14)
                    at Object.Module._extensions..js (node:internal/modules/cjs/loader:1153:10)
                    at Module.load (node:internal/modules/cjs/loader:981:32)
                    at Function.Module._load (node:internal/modules/cjs/loader:822:12)</stack-trace>
            </failure>
        </test-case>
        <test-case start='1639767695884' status='failed' stop='1639767696147'>
            <name>help test</name>
            <title>help test</title>
            <labels/>
            <parameters/>
            <steps/>
            <attachments/>
            <failure>
                <message>Failed: no such element: Unable to locate element: {"method":"css selector","selector":".fa-question-circle"}
                  (Session info: chrome=96.0.4664.110)
                  (Driver info: chromedriver=95.0.4638.54 (d31a821ec901f68d0d34ccdbaea45b4c86ce543e-refs/branch-heads/4638@{#871}),platform=Windows NT 10.0.22000 x86_64)</message>
                <stack-trace>NoSuchElementError: no such element: Unable to locate element: {"method":"css selector","selector":".fa-question-circle"}
                  (Session info: chrome=96.0.4664.110)
                  (Driver info: chromedriver=95.0.4638.54 (d31a821ec901f68d0d34ccdbaea45b4c86ce543e-refs/branch-heads/4638@{#871}),platform=Windows NT 10.0.22000 x86_64)
                    at Object.checkLegacyResponse (C:\Users\Lenovo\AppData\Roaming\npm\node_modules\protractor\node_modules\selenium-webdriver\lib\error.js:546:15)
                    at parseHttpResponse (C:\Users\Lenovo\AppData\Roaming\npm\node_modules\protractor\node_modules\selenium-webdriver\lib\http.js:509:13)
                    at C:\Users\Lenovo\AppData\Roaming\npm\node_modules\protractor\node_modules\selenium-webdriver\lib\http.js:441:30
                    at processTicksAndRejections (node:internal/process/task_queues:96:5)
                From: Task: WebDriver.findElement(By(css selector, .fa-question-circle))
                    at Driver.schedule (C:\Users\Lenovo\AppData\Roaming\npm\node_modules\protractor\node_modules\selenium-webdriver\lib\webdriver.js:807:17)
                    at Driver.findElement (C:\Users\Lenovo\AppData\Roaming\npm\node_modules\protractor\node_modules\selenium-webdriver\lib\webdriver.js:1014:17)
                    at UserContext.&lt;anonymous> (C:\Users\Lenovo\Desktop\projects\ProtractorDemo\tests\Tpulse.js:35:24)
                    at C:\Users\Lenovo\AppData\Roaming\npm\node_modules\protractor\node_modules\jasminewd2\index.js:112:25
                    at new ManagedPromise (C:\Users\Lenovo\AppData\Roaming\npm\node_modules\protractor\node_modules\selenium-webdriver\lib\promise.js:1077:7)
                    at ControlFlow.promise (C:\Users\Lenovo\AppData\Roaming\npm\node_modules\protractor\node_modules\selenium-webdriver\lib\promise.js:2505:12)
                    at schedulerExecute (C:\Users\Lenovo\AppData\Roaming\npm\node_modules\protractor\node_modules\jasminewd2\index.js:95:18)
                    at TaskQueue.execute_ (C:\Users\Lenovo\AppData\Roaming\npm\node_modules\protractor\node_modules\selenium-webdriver\lib\promise.js:3084:14)
                    at TaskQueue.executeNext_ (C:\Users\Lenovo\AppData\Roaming\npm\node_modules\protractor\node_modules\selenium-webdriver\lib\promise.js:3067:27)
                    at C:\Users\Lenovo\AppData\Roaming\npm\node_modules\protractor\node_modules\selenium-webdriver\lib\promise.js:2927:27
                From: Task: WebElement.click()
                    at Driver.schedule (C:\Users\Lenovo\AppData\Roaming\npm\node_modules\protractor\node_modules\selenium-webdriver\lib\webdriver.js:807:17)
                    at WebElementPromise.schedule_ (C:\Users\Lenovo\AppData\Roaming\npm\node_modules\protractor\node_modules\selenium-webdriver\lib\webdriver.js:2010:25)
                    at WebElementPromise.click (C:\Users\Lenovo\AppData\Roaming\npm\node_modules\protractor\node_modules\selenium-webdriver\lib\webdriver.js:2092:17)
                    at UserContext.&lt;anonymous> (C:\Users\Lenovo\Desktop\projects\ProtractorDemo\tests\Tpulse.js:35:67)
                    at C:\Users\Lenovo\AppData\Roaming\npm\node_modules\protractor\node_modules\jasminewd2\index.js:112:25
                    at new ManagedPromise (C:\Users\Lenovo\AppData\Roaming\npm\node_modules\protractor\node_modules\selenium-webdriver\lib\promise.js:1077:7)
                    at ControlFlow.promise (C:\Users\Lenovo\AppData\Roaming\npm\node_modules\protractor\node_modules\selenium-webdriver\lib\promise.js:2505:12)
                    at schedulerExecute (C:\Users\Lenovo\AppData\Roaming\npm\node_modules\protractor\node_modules\jasminewd2\index.js:95:18)
                    at TaskQueue.execute_ (C:\Users\Lenovo\AppData\Roaming\npm\node_modules\protractor\node_modules\selenium-webdriver\lib\promise.js:3084:14)
                    at TaskQueue.executeNext_ (C:\Users\Lenovo\AppData\Roaming\npm\node_modules\protractor\node_modules\selenium-webdriver\lib\promise.js:3067:27)
                From: Task: Run it("help test") in control flow
                    at UserContext.&lt;anonymous> (C:\Users\Lenovo\AppData\Roaming\npm\node_modules\protractor\node_modules\jasminewd2\index.js:94:19)
                    at attempt (C:\Users\Lenovo\AppData\Roaming\npm\node_modules\protractor\node_modules\jasmine-core\lib\jasmine-core\jasmine.js:4297:26)
                    at QueueRunner.run (C:\Users\Lenovo\AppData\Roaming\npm\node_modules\protractor\node_modules\jasmine-core\lib\jasmine-core\jasmine.js:4217:20)
                    at QueueRunner.execute (C:\Users\Lenovo\AppData\Roaming\npm\node_modules\protractor\node_modules\jasmine-core\lib\jasmine-core\jasmine.js:4199:10)
                    at Spec.queueRunnerFactory (C:\Users\Lenovo\AppData\Roaming\npm\node_modules\protractor\node_modules\jasmine-core\lib\jasmine-core\jasmine.js:909:35)
                    at Spec.execute (C:\Users\Lenovo\AppData\Roaming\npm\node_modules\protractor\node_modules\jasmine-core\lib\jasmine-core\jasmine.js:526:10)
                    at UserContext.fn (C:\Users\Lenovo\AppData\Roaming\npm\node_modules\protractor\node_modules\jasmine-core\lib\jasmine-core\jasmine.js:5340:37)
                    at attempt (C:\Users\Lenovo\AppData\Roaming\npm\node_modules\protractor\node_modules\jasmine-core\lib\jasmine-core\jasmine.js:4297:26)
                    at QueueRunner.run (C:\Users\Lenovo\AppData\Roaming\npm\node_modules\protractor\node_modules\jasmine-core\lib\jasmine-core\jasmine.js:4217:20)
                    at runNext (C:\Users\Lenovo\AppData\Roaming\npm\node_modules\protractor\node_modules\jasmine-core\lib\jasmine-core\jasmine.js:4257:20)
                From asynchronous test: 
                Error
                    at Suite.&lt;anonymous> (C:\Users\Lenovo\Desktop\projects\ProtractorDemo\tests\Tpulse.js:34:6)
                    at addSpecsToSuite (C:\Users\Lenovo\AppData\Roaming\npm\node_modules\protractor\node_modules\jasmine-core\lib\jasmine-core\jasmine.js:1107:25)
                    at Env.describe (C:\Users\Lenovo\AppData\Roaming\npm\node_modules\protractor\node_modules\jasmine-core\lib\jasmine-core\jasmine.js:1074:7)
                    at describe (C:\Users\Lenovo\AppData\Roaming\npm\node_modules\protractor\node_modules\jasmine-core\lib\jasmine-core\jasmine.js:4399:18)
                    at Object.&lt;anonymous> (C:\Users\Lenovo\Desktop\projects\ProtractorDemo\tests\Tpulse.js:1:1)
                    at Module._compile (node:internal/modules/cjs/loader:1101:14)
                    at Object.Module._extensions..js (node:internal/modules/cjs/loader:1153:10)
                    at Module.load (node:internal/modules/cjs/loader:981:32)
                    at Function.Module._load (node:internal/modules/cjs/loader:822:12)</stack-trace>
            </failure>
        </test-case>
    </test-cases>
</ns2:test-suite>