<?xml version='1.0'?>
<ns2:test-suite xmlns:ns2='urn:model.allure.qatools.yandex.ru' start='1639769161745' stop='1639769184176'>
    <name>T-pulse tests</name>
    <title>T-pulse tests</title>
    <test-cases>
        <test-case start='1639769161746' status='passed' stop='1639769168235'>
            <name>login test</name>
            <title>login test</title>
            <labels/>
            <parameters/>
            <steps/>
            <attachments/>
        </test-case>
        <test-case start='1639769168236' status='failed' stop='1639769175709'>
            <name>activity monitoring</name>
            <title>activity monitoring</title>
            <labels/>
            <parameters/>
            <steps/>
            <attachments/>
            <failure>
                <message>Failed: element click intercepted: Element &lt;em _ngcontent-abe-c73="" class="fa fa-desktop">&lt;/em> is not clickable at point (674, 18). Other element would receive the click: &lt;div _ngcontent-abe-c52="" class="overlay">...&lt;/div>
                  (Session info: chrome=96.0.4664.110)
                  (Driver info: chromedriver=95.0.4638.54 (d31a821ec901f68d0d34ccdbaea45b4c86ce543e-refs/branch-heads/4638@{#871}),platform=Windows NT 10.0.22000 x86_64)</message>
                <stack-trace>WebDriverError: element click intercepted: Element &lt;em _ngcontent-abe-c73="" class="fa fa-desktop">&lt;/em> is not clickable at point (674, 18). Other element would receive the click: &lt;div _ngcontent-abe-c52="" class="overlay">...&lt;/div>
                  (Session info: chrome=96.0.4664.110)
                  (Driver info: chromedriver=95.0.4638.54 (d31a821ec901f68d0d34ccdbaea45b4c86ce543e-refs/branch-heads/4638@{#871}),platform=Windows NT 10.0.22000 x86_64)
                    at Object.checkLegacyResponse (C:\Users\Lenovo\AppData\Roaming\npm\node_modules\protractor\node_modules\selenium-webdriver\lib\error.js:546:15)
                    at parseHttpResponse (C:\Users\Lenovo\AppData\Roaming\npm\node_modules\protractor\node_modules\selenium-webdriver\lib\http.js:509:13)
                    at C:\Users\Lenovo\AppData\Roaming\npm\node_modules\protractor\node_modules\selenium-webdriver\lib\http.js:441:30
                    at processTicksAndRejections (node:internal/process/task_queues:96:5)
                From: Task: WebElement.click()
                    at Driver.schedule (C:\Users\Lenovo\AppData\Roaming\npm\node_modules\protractor\node_modules\selenium-webdriver\lib\webdriver.js:807:17)
                    at WebElementPromise.schedule_ (C:\Users\Lenovo\AppData\Roaming\npm\node_modules\protractor\node_modules\selenium-webdriver\lib\webdriver.js:2010:25)
                    at WebElementPromise.click (C:\Users\Lenovo\AppData\Roaming\npm\node_modules\protractor\node_modules\selenium-webdriver\lib\webdriver.js:2092:17)
                    at UserContext.&lt;anonymous> (C:\Users\Lenovo\Desktop\projects\ProtractorDemo\tests\Tpulse.js:18:78)
                    at C:\Users\Lenovo\AppData\Roaming\npm\node_modules\protractor\node_modules\jasminewd2\index.js:112:25
                    at new ManagedPromise (C:\Users\Lenovo\AppData\Roaming\npm\node_modules\protractor\node_modules\selenium-webdriver\lib\promise.js:1077:7)
                    at ControlFlow.promise (C:\Users\Lenovo\AppData\Roaming\npm\node_modules\protractor\node_modules\selenium-webdriver\lib\promise.js:2505:12)
                    at schedulerExecute (C:\Users\Lenovo\AppData\Roaming\npm\node_modules\protractor\node_modules\jasminewd2\index.js:95:18)
                    at TaskQueue.execute_ (C:\Users\Lenovo\AppData\Roaming\npm\node_modules\protractor\node_modules\selenium-webdriver\lib\promise.js:3084:14)
                    at TaskQueue.executeNext_ (C:\Users\Lenovo\AppData\Roaming\npm\node_modules\protractor\node_modules\selenium-webdriver\lib\promise.js:3067:27)
                From: Task: Run it("activity monitoring") in control flow
                    at UserContext.&lt;anonymous> (C:\Users\Lenovo\AppData\Roaming\npm\node_modules\protractor\node_modules\jasminewd2\index.js:94:19)
                    at attempt (C:\Users\Lenovo\AppData\Roaming\npm\node_modules\protractor\node_modules\jasmine-core\lib\jasmine-core\jasmine.js:4297:26)
                    at QueueRunner.run (C:\Users\Lenovo\AppData\Roaming\npm\node_modules\protractor\node_modules\jasmine-core\lib\jasmine-core\jasmine.js:4217:20)
                    at QueueRunner.execute (C:\Users\Lenovo\AppData\Roaming\npm\node_modules\protractor\node_modules\jasmine-core\lib\jasmine-core\jasmine.js:4199:10)
                    at Spec.queueRunnerFactory (C:\Users\Lenovo\AppData\Roaming\npm\node_modules\protractor\node_modules\jasmine-core\lib\jasmine-core\jasmine.js:909:35)
                    at Spec.execute (C:\Users\Lenovo\AppData\Roaming\npm\node_modules\protractor\node_modules\jasmine-core\lib\jasmine-core\jasmine.js:526:10)
                    at UserContext.fn (C:\Users\Lenovo\AppData\Roaming\npm\node_modules\protractor\node_modules\jasmine-core\lib\jasmine-core\jasmine.js:5340:37)
                    at attempt (C:\Users\Lenovo\AppData\Roaming\npm\node_modules\protractor\node_modules\jasmine-core\lib\jasmine-core\jasmine.js:4297:26)
                    at QueueRunner.run (C:\Users\Lenovo\AppData\Roaming\npm\node_modules\protractor\node_modules\jasmine-core\lib\jasmine-core\jasmine.js:4217:20)
                    at runNext (C:\Users\Lenovo\AppData\Roaming\npm\node_modules\protractor\node_modules\jasmine-core\lib\jasmine-core\jasmine.js:4257:20)
                From asynchronous test: 
                Error
                    at Suite.&lt;anonymous> (C:\Users\Lenovo\Desktop\projects\ProtractorDemo\tests\Tpulse.js:13:5)
                    at addSpecsToSuite (C:\Users\Lenovo\AppData\Roaming\npm\node_modules\protractor\node_modules\jasmine-core\lib\jasmine-core\jasmine.js:1107:25)
                    at Env.describe (C:\Users\Lenovo\AppData\Roaming\npm\node_modules\protractor\node_modules\jasmine-core\lib\jasmine-core\jasmine.js:1074:7)
                    at describe (C:\Users\Lenovo\AppData\Roaming\npm\node_modules\protractor\node_modules\jasmine-core\lib\jasmine-core\jasmine.js:4399:18)
                    at Object.&lt;anonymous> (C:\Users\Lenovo\Desktop\projects\ProtractorDemo\tests\Tpulse.js:1:1)
                    at Module._compile (node:internal/modules/cjs/loader:1101:14)
                    at Object.Module._extensions..js (node:internal/modules/cjs/loader:1153:10)
                    at Module.load (node:internal/modules/cjs/loader:981:32)
                    at Function.Module._load (node:internal/modules/cjs/loader:822:12)</stack-trace>
            </failure>
        </test-case>
        <test-case start='1639769175709' status='passed' stop='1639769179321'>
            <name>dashboard test</name>
            <title>dashboard test</title>
            <labels/>
            <parameters/>
            <steps/>
            <attachments/>
        </test-case>
        <test-case start='1639769179322' status='failed' stop='1639769179479'>
            <name>observations test</name>
            <title>observations test</title>
            <labels/>
            <parameters/>
            <steps/>
            <attachments/>
            <failure>
                <message>Failed: no such element: Unable to locate element: {"method":"xpath","selector":"//em[@class='fa fa-binoculars']"}
                  (Session info: chrome=96.0.4664.110)
                  (Driver info: chromedriver=95.0.4638.54 (d31a821ec901f68d0d34ccdbaea45b4c86ce543e-refs/branch-heads/4638@{#871}),platform=Windows NT 10.0.22000 x86_64)</message>
                <stack-trace>NoSuchElementError: no such element: Unable to locate element: {"method":"xpath","selector":"//em[@class='fa fa-binoculars']"}
                  (Session info: chrome=96.0.4664.110)
                  (Driver info: chromedriver=95.0.4638.54 (d31a821ec901f68d0d34ccdbaea45b4c86ce543e-refs/branch-heads/4638@{#871}),platform=Windows NT 10.0.22000 x86_64)
                    at Object.checkLegacyResponse (C:\Users\Lenovo\AppData\Roaming\npm\node_modules\protractor\node_modules\selenium-webdriver\lib\error.js:546:15)
                    at parseHttpResponse (C:\Users\Lenovo\AppData\Roaming\npm\node_modules\protractor\node_modules\selenium-webdriver\lib\http.js:509:13)
                    at C:\Users\Lenovo\AppData\Roaming\npm\node_modules\protractor\node_modules\selenium-webdriver\lib\http.js:441:30
                    at processTicksAndRejections (node:internal/process/task_queues:96:5)
                From: Task: WebDriver.findElement(By(xpath, //em[@class='fa fa-binoculars']))
                    at Driver.schedule (C:\Users\Lenovo\AppData\Roaming\npm\node_modules\protractor\node_modules\selenium-webdriver\lib\webdriver.js:807:17)
                    at Driver.findElement (C:\Users\Lenovo\AppData\Roaming\npm\node_modules\protractor\node_modules\selenium-webdriver\lib\webdriver.js:1014:17)
                    at UserContext.&lt;anonymous> (C:\Users\Lenovo\Desktop\projects\ProtractorDemo\tests\Tpulse.js:30:24)
                    at C:\Users\Lenovo\AppData\Roaming\npm\node_modules\protractor\node_modules\jasminewd2\index.js:112:25
                    at new ManagedPromise (C:\Users\Lenovo\AppData\Roaming\npm\node_modules\protractor\node_modules\selenium-webdriver\lib\promise.js:1077:7)
                    at ControlFlow.promise (C:\Users\Lenovo\AppData\Roaming\npm\node_modules\protractor\node_modules\selenium-webdriver\lib\promise.js:2505:12)
                    at schedulerExecute (C:\Users\Lenovo\AppData\Roaming\npm\node_modules\protractor\node_modules\jasminewd2\index.js:95:18)
                    at TaskQueue.execute_ (C:\Users\Lenovo\AppData\Roaming\npm\node_modules\protractor\node_modules\selenium-webdriver\lib\promise.js:3084:14)
                    at TaskQueue.executeNext_ (C:\Users\Lenovo\AppData\Roaming\npm\node_modules\protractor\node_modules\selenium-webdriver\lib\promise.js:3067:27)
                    at C:\Users\Lenovo\AppData\Roaming\npm\node_modules\protractor\node_modules\selenium-webdriver\lib\promise.js:2927:27
                From: Task: WebElement.click()
                    at Driver.schedule (C:\Users\Lenovo\AppData\Roaming\npm\node_modules\protractor\node_modules\selenium-webdriver\lib\webdriver.js:807:17)
                    at WebElementPromise.schedule_ (C:\Users\Lenovo\AppData\Roaming\npm\node_modules\protractor\node_modules\selenium-webdriver\lib\webdriver.js:2010:25)
                    at WebElementPromise.click (C:\Users\Lenovo\AppData\Roaming\npm\node_modules\protractor\node_modules\selenium-webdriver\lib\webdriver.js:2092:17)
                    at UserContext.&lt;anonymous> (C:\Users\Lenovo\Desktop\projects\ProtractorDemo\tests\Tpulse.js:30:81)
                    at C:\Users\Lenovo\AppData\Roaming\npm\node_modules\protractor\node_modules\jasminewd2\index.js:112:25
                    at new ManagedPromise (C:\Users\Lenovo\AppData\Roaming\npm\node_modules\protractor\node_modules\selenium-webdriver\lib\promise.js:1077:7)
                    at ControlFlow.promise (C:\Users\Lenovo\AppData\Roaming\npm\node_modules\protractor\node_modules\selenium-webdriver\lib\promise.js:2505:12)
                    at schedulerExecute (C:\Users\Lenovo\AppData\Roaming\npm\node_modules\protractor\node_modules\jasminewd2\index.js:95:18)
                    at TaskQueue.execute_ (C:\Users\Lenovo\AppData\Roaming\npm\node_modules\protractor\node_modules\selenium-webdriver\lib\promise.js:3084:14)
                    at TaskQueue.executeNext_ (C:\Users\Lenovo\AppData\Roaming\npm\node_modules\protractor\node_modules\selenium-webdriver\lib\promise.js:3067:27)
                From: Task: Run it("observations test") in control flow
                    at UserContext.&lt;anonymous> (C:\Users\Lenovo\AppData\Roaming\npm\node_modules\protractor\node_modules\jasminewd2\index.js:94:19)
                    at attempt (C:\Users\Lenovo\AppData\Roaming\npm\node_modules\protractor\node_modules\jasmine-core\lib\jasmine-core\jasmine.js:4297:26)
                    at QueueRunner.run (C:\Users\Lenovo\AppData\Roaming\npm\node_modules\protractor\node_modules\jasmine-core\lib\jasmine-core\jasmine.js:4217:20)
                    at QueueRunner.execute (C:\Users\Lenovo\AppData\Roaming\npm\node_modules\protractor\node_modules\jasmine-core\lib\jasmine-core\jasmine.js:4199:10)
                    at Spec.queueRunnerFactory (C:\Users\Lenovo\AppData\Roaming\npm\node_modules\protractor\node_modules\jasmine-core\lib\jasmine-core\jasmine.js:909:35)
                    at Spec.execute (C:\Users\Lenovo\AppData\Roaming\npm\node_modules\protractor\node_modules\jasmine-core\lib\jasmine-core\jasmine.js:526:10)
                    at UserContext.fn (C:\Users\Lenovo\AppData\Roaming\npm\node_modules\protractor\node_modules\jasmine-core\lib\jasmine-core\jasmine.js:5340:37)
                    at attempt (C:\Users\Lenovo\AppData\Roaming\npm\node_modules\protractor\node_modules\jasmine-core\lib\jasmine-core\jasmine.js:4297:26)
                    at QueueRunner.run (C:\Users\Lenovo\AppData\Roaming\npm\node_modules\protractor\node_modules\jasmine-core\lib\jasmine-core\jasmine.js:4217:20)
                    at runNext (C:\Users\Lenovo\AppData\Roaming\npm\node_modules\protractor\node_modules\jasmine-core\lib\jasmine-core\jasmine.js:4257:20)
                From asynchronous test: 
                Error
                    at Suite.&lt;anonymous> (C:\Users\Lenovo\Desktop\projects\ProtractorDemo\tests\Tpulse.js:29:5)
                    at addSpecsToSuite (C:\Users\Lenovo\AppData\Roaming\npm\node_modules\protractor\node_modules\jasmine-core\lib\jasmine-core\jasmine.js:1107:25)
                    at Env.describe (C:\Users\Lenovo\AppData\Roaming\npm\node_modules\protractor\node_modules\jasmine-core\lib\jasmine-core\jasmine.js:1074:7)
                    at describe (C:\Users\Lenovo\AppData\Roaming\npm\node_modules\protractor\node_modules\jasmine-core\lib\jasmine-core\jasmine.js:4399:18)
                    at Object.&lt;anonymous> (C:\Users\Lenovo\Desktop\projects\ProtractorDemo\tests\Tpulse.js:1:1)
                    at Module._compile (node:internal/modules/cjs/loader:1101:14)
                    at Object.Module._extensions..js (node:internal/modules/cjs/loader:1153:10)
                    at Module.load (node:internal/modules/cjs/loader:981:32)
                    at Function.Module._load (node:internal/modules/cjs/loader:822:12)</stack-trace>
            </failure>
        </test-case>
        <test-case start='1639769179479' status='passed' stop='1639769182912'>
            <name>reports test</name>
            <title>reports test</title>
            <labels/>
            <parameters/>
            <steps/>
            <attachments/>
        </test-case>
        <test-case start='1639769182912' status='failed' stop='1639769184173'>
            <name>help test</name>
            <title>help test</title>
            <labels/>
            <parameters/>
            <steps/>
            <attachments/>
            <failure>
                <message>Failed: element click intercepted: Element &lt;em _ngcontent-abe-c73="" class="fa fa-question-circle">&lt;/em> is not clickable at point (932, 18). Other element would receive the click: &lt;div _ngcontent-abe-c1="" class="modal fade show" id="snackBarModal" role="dialog" tabindex="-1" aria-modal="true" style="display: block;">...&lt;/div>
                  (Session info: chrome=96.0.4664.110)
                  (Driver info: chromedriver=95.0.4638.54 (d31a821ec901f68d0d34ccdbaea45b4c86ce543e-refs/branch-heads/4638@{#871}),platform=Windows NT 10.0.22000 x86_64)</message>
                <stack-trace>WebDriverError: element click intercepted: Element &lt;em _ngcontent-abe-c73="" class="fa fa-question-circle">&lt;/em> is not clickable at point (932, 18). Other element would receive the click: &lt;div _ngcontent-abe-c1="" class="modal fade show" id="snackBarModal" role="dialog" tabindex="-1" aria-modal="true" style="display: block;">...&lt;/div>
                  (Session info: chrome=96.0.4664.110)
                  (Driver info: chromedriver=95.0.4638.54 (d31a821ec901f68d0d34ccdbaea45b4c86ce543e-refs/branch-heads/4638@{#871}),platform=Windows NT 10.0.22000 x86_64)
                    at Object.checkLegacyResponse (C:\Users\Lenovo\AppData\Roaming\npm\node_modules\protractor\node_modules\selenium-webdriver\lib\error.js:546:15)
                    at parseHttpResponse (C:\Users\Lenovo\AppData\Roaming\npm\node_modules\protractor\node_modules\selenium-webdriver\lib\http.js:509:13)
                    at C:\Users\Lenovo\AppData\Roaming\npm\node_modules\protractor\node_modules\selenium-webdriver\lib\http.js:441:30
                    at processTicksAndRejections (node:internal/process/task_queues:96:5)
                From: Task: WebElement.click()
                    at Driver.schedule (C:\Users\Lenovo\AppData\Roaming\npm\node_modules\protractor\node_modules\selenium-webdriver\lib\webdriver.js:807:17)
                    at WebElementPromise.schedule_ (C:\Users\Lenovo\AppData\Roaming\npm\node_modules\protractor\node_modules\selenium-webdriver\lib\webdriver.js:2010:25)
                    at WebElementPromise.click (C:\Users\Lenovo\AppData\Roaming\npm\node_modules\protractor\node_modules\selenium-webdriver\lib\webdriver.js:2092:17)
                    at UserContext.&lt;anonymous> (C:\Users\Lenovo\Desktop\projects\ProtractorDemo\tests\Tpulse.js:42:67)
                    at C:\Users\Lenovo\AppData\Roaming\npm\node_modules\protractor\node_modules\jasminewd2\index.js:112:25
                    at new ManagedPromise (C:\Users\Lenovo\AppData\Roaming\npm\node_modules\protractor\node_modules\selenium-webdriver\lib\promise.js:1077:7)
                    at ControlFlow.promise (C:\Users\Lenovo\AppData\Roaming\npm\node_modules\protractor\node_modules\selenium-webdriver\lib\promise.js:2505:12)
                    at schedulerExecute (C:\Users\Lenovo\AppData\Roaming\npm\node_modules\protractor\node_modules\jasminewd2\index.js:95:18)
                    at TaskQueue.execute_ (C:\Users\Lenovo\AppData\Roaming\npm\node_modules\protractor\node_modules\selenium-webdriver\lib\promise.js:3084:14)
                    at TaskQueue.executeNext_ (C:\Users\Lenovo\AppData\Roaming\npm\node_modules\protractor\node_modules\selenium-webdriver\lib\promise.js:3067:27)
                From: Task: Run it("help test") in control flow
                    at UserContext.&lt;anonymous> (C:\Users\Lenovo\AppData\Roaming\npm\node_modules\protractor\node_modules\jasminewd2\index.js:94:19)
                    at attempt (C:\Users\Lenovo\AppData\Roaming\npm\node_modules\protractor\node_modules\jasmine-core\lib\jasmine-core\jasmine.js:4297:26)
                    at QueueRunner.run (C:\Users\Lenovo\AppData\Roaming\npm\node_modules\protractor\node_modules\jasmine-core\lib\jasmine-core\jasmine.js:4217:20)
                    at QueueRunner.execute (C:\Users\Lenovo\AppData\Roaming\npm\node_modules\protractor\node_modules\jasmine-core\lib\jasmine-core\jasmine.js:4199:10)
                    at Spec.queueRunnerFactory (C:\Users\Lenovo\AppData\Roaming\npm\node_modules\protractor\node_modules\jasmine-core\lib\jasmine-core\jasmine.js:909:35)
                    at Spec.execute (C:\Users\Lenovo\AppData\Roaming\npm\node_modules\protractor\node_modules\jasmine-core\lib\jasmine-core\jasmine.js:526:10)
                    at UserContext.fn (C:\Users\Lenovo\AppData\Roaming\npm\node_modules\protractor\node_modules\jasmine-core\lib\jasmine-core\jasmine.js:5340:37)
                    at attempt (C:\Users\Lenovo\AppData\Roaming\npm\node_modules\protractor\node_modules\jasmine-core\lib\jasmine-core\jasmine.js:4297:26)
                    at QueueRunner.run (C:\Users\Lenovo\AppData\Roaming\npm\node_modules\protractor\node_modules\jasmine-core\lib\jasmine-core\jasmine.js:4217:20)
                    at runNext (C:\Users\Lenovo\AppData\Roaming\npm\node_modules\protractor\node_modules\jasmine-core\lib\jasmine-core\jasmine.js:4257:20)
                From asynchronous test: 
                Error
                    at Suite.&lt;anonymous> (C:\Users\Lenovo\Desktop\projects\ProtractorDemo\tests\Tpulse.js:41:6)
                    at addSpecsToSuite (C:\Users\Lenovo\AppData\Roaming\npm\node_modules\protractor\node_modules\jasmine-core\lib\jasmine-core\jasmine.js:1107:25)
                    at Env.describe (C:\Users\Lenovo\AppData\Roaming\npm\node_modules\protractor\node_modules\jasmine-core\lib\jasmine-core\jasmine.js:1074:7)
                    at describe (C:\Users\Lenovo\AppData\Roaming\npm\node_modules\protractor\node_modules\jasmine-core\lib\jasmine-core\jasmine.js:4399:18)
                    at Object.&lt;anonymous> (C:\Users\Lenovo\Desktop\projects\ProtractorDemo\tests\Tpulse.js:1:1)
                    at Module._compile (node:internal/modules/cjs/loader:1101:14)
                    at Object.Module._extensions..js (node:internal/modules/cjs/loader:1153:10)
                    at Module.load (node:internal/modules/cjs/loader:981:32)
                    at Function.Module._load (node:internal/modules/cjs/loader:822:12)</stack-trace>
            </failure>
        </test-case>
    </test-cases>
</ns2:test-suite>